<?xml version="1.0" encoding="UTF-8"?>
<!-- Generated by org.testng.reporters.JUnitXMLReporter -->
<testsuite ignored="0" hostname="IN-PG02LY71" failures="1" tests="4" name="Test" time="69.681" errors="0" timestamp="2022-10-31T11:57:02 IST">
  <testcase classname="Tests.LoginTest" name="datadriven" time="2.323">
    <failure type="java.lang.AssertionError" message="expected [Free and open-source eCommerce platform. ASP.NET Core based shopping cart. - nopCommerce] but found [Login - nopCommerce]">
      <![CDATA[java.lang.AssertionError: expected [Free and open-source eCommerce platform. ASP.NET Core based shopping cart. - nopCommerce] but found [Login - nopCommerce]
at Tests.LoginTest.datadriven(LoginTest.java:85)
at java.base/java.util.ArrayList.forEach(ArrayList.java:1511)
... Removed 33 stack frames]]>
    </failure>
  </testcase> <!-- datadriven -->
  <testcase classname="Tests.LoginTest" name="loginpositive" time="6.064"/>
  <testcase classname="Tests.LoginTest" name="negativetest" time="1.414"/>
  <testcase classname="Tests.LoginTest" name="parameter" time="2.657"/>
</testsuite> <!-- Test -->
